[Warning] Setting lower_case_table_names=2 because file system for /var/lib/mysql/ is case insensitive

[Note] Starting MariaDB 10.11.6-MariaDB-0+deb12u1 source revision  as process 1
[Note] InnoDB: The first data file './ibdata1' did not exist. A new tablespace will be created!
[Note] InnoDB: Compressed tables use zlib 1.2.13
[Note] InnoDB: Number of transaction pools: 1
[Note] InnoDB: Using crc32 + pclmulqdq instructions
[Note] mysqld: O_TMPFILE is not supported on /tmp (disabling future attempts)
[Note] InnoDB: Using liburing
[Note] InnoDB: Initializing buffer pool, total size = 128.000MiB, chunk size = 2.000MiB
[Note] InnoDB: Completed initialization of buffer pool
[Note] InnoDB: Setting file './ibdata1' size to 12.000MiB. Physically writing the file full; Please wait ...
[Note] InnoDB: File './ibdata1' size is now 12.000MiB.
[Note] InnoDB: Buffered log writes (block size=512 bytes)
[Note] InnoDB: Doublewrite buffer not found: creating new
[Note] InnoDB: 128 rollback segments are active.
[Note] InnoDB: Setting file './ibtmp1' size to 12.000MiB. Physically writing the file full; Please wait ...
[Note] InnoDB: File './ibtmp1' size is now 12.000MiB.
[Note] InnoDB: log sequence number 0; transaction id 3
[Note] Plugin 'FEEDBACK' is disabled.

[ERROR] Could not open mysql.plugin table: "Table 'mysql.plugin' doesn't exist". Some plugins may be not loaded

[ERROR] Can't open and lock privilege tables: Table 'mysql.servers' doesn't exist
[Note] Server socket created on IP: '0.0.0.0'.
[Note] Server socket created on IP: '::'.
[ERROR] Can't start server : Bind on unix socket: No such file or directory
[ERROR] Do you already have another server running on socket: /run/mysqld/mysqld.sock ?
[ERROR] Aborting
